3.0 -16.693572135653888
3.297908127695866 -16.77509407771033
3.6253993395741513 -16.862177070241604
3.9854113160416067 -16.95524275570269
4.381173457128231 -16.99897710767006
4.816235851036197 -17.18270378799254
5.294501119344164 -17.384675025429235
5.820259424526659 -17.606702553930322
6.398226953814978 -17.068950188261994
7.033588224609727 -16.415408460837252
7.732042590935451 -16.231325261338295
8.49985536811221 -16.081822664362093
9.343914034245532 -15.785767911576718
10.271790012676604 -15.64588229434727
11.291806589597133 -16.358704204280166
12.413113576067376 -16.03915165264343
13.645769384174834 -15.693249104333931
15.000831253577868 -15.298029431753228
16.49045443778954 -17.319755399363267
18.128001239928157 -17.877597672900876
19.92816087601327 -13.383010335825931
21.907081241011646 -12.679730451600635
24.082513759608652 -11.97165704256987
26.473972621053637 -10.782986782081473
29.102909826456877 -9.698388774793385
31.992907618757343 -9.46373550127356
35.16989002150761 -8.30281858411685
38.66235538403322 -6.6217230549676716
42.5016320189564 -3.151510186494779
46.72215922521839 -1.7461752746855557
51.36179621744938 -0.3369312199407751
56.46216173286171 0.6509320594686226
62.06900736202772 2.1267321469217757
68.23262795241526 1.999078081539043
75.00831276610614 1.8379117051939815
82.45684143869836 2.107747265133818
90.64502918827088 2.5730297419782464
99.64632616507586 -2.7669362261649617
109.54147631827898 0.4197858046247317
120.41924168995217 3.2781614392607485
132.37719863342207 3.547996999200585
145.52261309825758 3.8019880927745735
159.97340283342822 4.78109789051235
175.85919513984263 4.708606188054928
193.32248966058015 5.570173369534205
212.51993663934243 5.7042375475793765
233.62374211343266 5.808319996742345
256.82321264620424 5.882420717023108
282.3264534556269 5.713622147818381
310.3622351716202 6.045051953475032
341.18204596744744 5.152528983152759
375.0623474733165 6.045051953475032
412.3070547083139 4.03539923203518
453.2502622762976 5.435043827256994
498.2592412804278 6.045051953475032
547.7377338394328 4.8110564999682275
602.1295747582602 1.8604890824163243
661.9226728404408 2.044608598662032
727.6533875555539 -2.262538327514331
799.9113403216304 -3.7519674123779523
879.3447035609331 -4.635935184124634
966.6660149733045 -4.795243717175533
1062.6585691826117 0.3399427760623925
1168.1834440909984 0.694880373843411
1284.1872249691512 2.9499583238358547
1411.7104955696545 -1.9691583280447889
1551.8971724309076 -1.777227684924909
1706.004766102708 -1.2796780697822348
1875.4156613393354 -4.234367847560472
2061.6495174463707 -3.2222249880190392
2266.376900015549 -0.6429787099719086
2491.434266327814 1.3339904221288974
2738.840438847495 -1.6807911789753627
3010.814714579089 2.4570334121556767
3309.7967727322293 2.1906130335181593
3638.4685592717187 1.51532678664837
3999.7783446626904 -2.4118662947137777
4396.967170615001 -3.3142095893376924
4833.597923061037 -2.3256638307566737
5313.587292158951 -1.6836936139823782
5841.240906010825 -4.536034869224901
6421.291953254222 -2.0959380928986997
7058.943640981722 -6.157791403062746
7759.915868846891 -2.3940278226766196
8530.49653803543 -2.889550835296984
9377.597955356165 -4.788526415766013
10308.818838411078 -2.1285158206833064
11332.512478046707 -3.8547508867653937
12457.861669521699 -4.83560791823814
13694.961084542123 -4.1931049573368675
15054.90782306337 -3.3083932340958313
16549.900957130907 -2.9100582487836615
18193.350959694555 -2.9139752529407894
20000.000000000004 -7.724528931780789
