3.0 -18.936713570385493
3.297908127695866 -18.83367462577537
3.6253993395741513 -18.72040363480906
3.9854113160416067 -18.59588452756241
4.381173457128231 -18.459000335615023
4.816235851036197 -18.30852317255623
5.294501119344164 -18.143103219528165
5.820259424526659 -17.96125661700339
6.398226953814978 -16.95967857631231
7.033588224609727 -15.794668356425223
7.732042590935451 -14.64514179153032
8.49985536811221 -13.997987893561547
9.343914034245532 -13.625779141835029
10.271790012676604 -13.520291217293632
11.291806589597133 -13.325381724092459
12.413113576067376 -13.05333747716205
13.645769384174834 -14.611377851464756
15.000831253577868 -16.010287255439724
16.49045443778954 -14.040482917614678
18.128001239928157 -12.065571243046737
19.92816087601327 -11.041018865748434
21.907081241011646 -10.252109890644014
24.082513759608652 -8.896122731975517
26.473972621053637 -7.654179004814068
29.102909826456877 -9.079978119451479
31.992907618757343 -7.511197075524965
35.16989002150761 -4.996555356968983
38.66235538403322 -4.39135095316842
42.5016320189564 -3.7253312069191105
46.72215922521839 -2.8546643062603483
51.36179621744938 -2.1283246816001062
56.46216173286171 -1.7836471334022954
62.06900736202772 -1.5138115734624593
68.23262795241526 -1.243976013522623
75.00831276610614 -0.9741404535827866
82.45684143869836 -0.8344127905462372
90.64502918827088 -0.564577230606401
99.64632616507586 -0.2947416706665645
109.54147631827898 -0.18232606440442822
120.41924168995217 -0.7959337260131862
132.37719863342207 0.3573450554752442
145.52261309825758 0.6113361490492326
159.97340283342822 -0.2322355571633965
175.85919513984263 1.029373149550597
193.32248966058015 1.3235269533812604
212.51993663934243 -3.6518503606556694
233.62374211343266 -1.649458407210661
256.82321264620424 1.793194254547865
282.3264534556269 1.837313245946425
310.3622351716202 -1.2067502176075493
341.18204596744744 0.7595940984105415
375.0623474733165 1.8514505084627813
412.3070547083139 -0.8553313156307253
453.2502622762976 1.5991875488945866
498.2592412804278 1.8514505084627813
547.7377338394328 1.8514505084627813
602.1295747582602 1.8514505084627813
661.9226728404408 1.8514505084627813
727.6533875555539 1.8514505084627813
799.9113403216304 1.8514505084627813
879.3447035609331 1.8514505084627813
966.6660149733045 1.8514505084627813
1062.6585691826117 1.8514505084627813
1168.1834440909984 1.8514505084627813
1284.1872249691512 1.8514505084627813
1411.7104955696545 -2.627863419461668
1551.8971724309076 -2.9092005757825876
1706.004766102708 1.5400254300678673
1875.4156613393354 1.8514505084627813
2061.6495174463707 -0.0461338673561123
2266.376900015549 1.6613930207855505
2491.434266327814 1.5174824767715167
2738.840438847495 1.3735719327574831
3010.814714579089 1.2296613887434495
3309.7967727322293 1.0857508447294162
3638.4685592717187 0.9418403007153839
3999.7783446626904 0.7979297567013504
4396.967170615001 0.6540192126873168
4833.597923061037 -1.581680479432553
5313.587292158951 -3.381188039897612
5841.240906010825 -3.4706224274318487
6421.291953254222 -0.2329935684272304
7058.943640981722 -0.06553350738285135
7759.915868846891 -4.150107702363449
8530.49653803543 -3.9702344313997457
9377.597955356165 -5.286330275212601
10308.818838411078 -4.004751161997091
11332.512478046707 -0.7850862274530173
12457.861669521699 -4.107931067140451
13694.961084542123 -3.220028279865065
15054.90782306337 -4.392694184719211
16549.900957130907 -1.3607284035091523
18193.350959694555 -1.6172553653883275
20000.000000000004 -1.9159777155703224
