3.0 -19.896445284286603
3.297908127695866 -18.93532470692977
3.6253993395741513 -17.878762252342824
3.9854113160416067 -16.717280283542628
4.381173457128231 -15.440460008516506
4.816235851036197 -14.11567691402686
5.294501119344164 -13.124352579105853
5.820259424526659 -12.220446224757868
6.398226953814978 -11.478644293961457
7.033588224609727 -10.952864958769972
7.732042590935451 -10.664559848182295
8.49985536811221 -10.538093693053606
9.343914034245532 -10.522473884315362
10.271790012676604 -10.708445991793123
11.291806589597133 -11.442102025688921
12.413113576067376 -11.355658164208279
13.645769384174834 -10.946956177529191
15.000831253577868 -10.566614442332583
16.49045443778954 -12.088897384223483
18.128001239928157 -12.36317969899985
19.92816087601327 -9.394765683340655
21.907081241011646 -7.34535325778873
24.082513759608652 -6.525680138832188
26.473972621053637 -5.49630740966765
29.102909826456877 -4.40647713886798
31.992907618757343 -3.6164889187037925
35.16989002150761 -3.1050499022946467
38.66235538403322 -2.8245428217426456
42.5016320189564 -2.5547072618028097
46.72215922521839 -2.2848717018629734
51.36179621744938 -2.015036141923137
56.46216173286171 -1.745200581983301
62.06900736202772 -1.4753650220434649
68.23262795241526 -1.2055294621036285
75.00831276610614 -1.3312205186457267
82.45684143869836 -1.2734132871088921
90.64502918827088 -1.003577727169056
99.64632616507586 -0.7337421672292195
109.54147631827898 -3.4160912107418575
120.41924168995217 -1.494771058091625
132.37719863342207 -0.43061823719540815
145.52261309825758 -0.17662714362141962
159.97340283342822 -2.476575922450947
175.85919513984263 0.6369364733618795
193.32248966058015 1.0130107086922573
212.51993663934243 1.1470748867374299
233.62374211343266 1.251157335900398
256.82321264620424 1.7363210006040337
282.3264534556269 0.1936630098909804
310.3622351716202 -1.372843593660149
341.18204596744744 -0.4559346470111276
375.0623474733165 -1.812646076050893
412.3070547083139 1.8898970598817764
453.2502622762976 1.8898970598817764
498.2592412804278 1.8898970598817764
547.7377338394328 1.8898970598817764
602.1295747582602 1.8898970598817764
661.9226728404408 1.8898970598817764
727.6533875555539 1.8898970598817764
799.9113403216304 0.8469103152839418
879.3447035609331 1.8898970598817764
966.6660149733045 1.463568301304226
1062.6585691826117 1.8898970598817764
1168.1834440909984 1.8898970598817764
1284.1872249691512 1.8898970598817764
1411.7104955696545 1.8898970598817764
1551.8971724309076 1.8898970598817764
1706.004766102708 -1.7381895547398203
1875.4156613393354 1.8898970598817764
2061.6495174463707 1.0069723648854532
2266.376900015549 0.6702753046904741
2491.434266327814 1.5559290281905118
2738.840438847495 -0.6831408343654433
3010.814714579089 0.968430223970774
3309.7967727322293 -1.6071410611182833
3638.4685592717187 0.980286852134379
3999.7783446626904 -1.9688431969704014
4396.967170615001 -1.2258654906880568
4833.597923061037 0.1749528536412427
5313.587292158951 -1.22390732757141
5841.240906010825 -6.268348916359129
6421.291953254222 -5.199772922749094
7058.943640981722 -1.5676926546228953
7759.915868846891 -0.1709974999778896
8530.49653803543 -0.31490804399192296
9377.597955356165 -1.6832314494899907
10308.818838411078 -0.9737882132162528
11332.512478046707 -0.7466396760340221
12457.861669521699 -6.665150623922898
13694.961084542123 -1.0344607640620898
15054.90782306337 -5.820178341957509
16549.900957130907 -1.3222818520901574
18193.350959694555 -3.226675713149165
20000.000000000004 -1.6101029401182239
