3.0 11.538515253563736
3.297908127695866 11.620605560007498
3.6253993395741513 11.714423053086081
3.9854113160416067 11.815570037811431
4.381173457128231 11.92160335030129
4.816235851036197 12.113147398670067
5.294501119344164 12.318373164779473
5.820259424526659 12.537280648629503
6.398226953814978 12.769869850220163
7.033588224609727 13.016140769551448
7.732042590935451 13.26241168888273
8.49985536811221 13.508682608214016
9.343914034245532 13.754953527545304
10.271790012676604 13.999104825815389
11.291806589597133 14.23809612130414
12.413113576067376 14.468887032291414
13.645769384174834 14.688437177057077
15.000831253577868 14.893706173880979
16.49045443778954 15.081653641042992
18.128001239928157 15.249239196822966
19.92816087601327 15.393422459500774
21.907081241011646 15.511163047356266
24.082513759608652 15.603659820791702
26.473972621053637 15.673953161527225
29.102909826456877 15.725083451282964
31.992907618757343 15.760091071779069
35.16989002150761 15.782016404735673
38.66235538403322 15.793899831872917
42.5016320189564 15.558566512334389
46.72215922521839 15.077844246822881
51.36179621744938 14.352424317845422
56.46216173286171 13.39319491668234
62.06900736202772 12.21925104181881
68.23262795241526 10.666396136881481
75.00831276610614 8.879041486136199
82.45684143869836 7.160091455337914
90.64502918827088 5.533262430551646
99.64632616507586 4.174869860961259
109.54147631827898 2.9777417361757244
120.41924168995217 2.183747158644214
132.37719863342207 1.6802952096183337
145.52261309825758 1.2172151802948816
159.97340283342822 1.2149186570367456
175.85919513984263 1.5953410294659298
193.32248966058015 1.845605538669628
212.51993663934243 1.8452623655113654
233.62374211343266 1.8904287113020983
256.82321264620424 2.039005377042429
282.3264534556269 1.990673864646829
310.3622351716202 2.0283559907366677
341.18204596744744 2.2723166369647583
375.0623474733165 2.388701271886266
412.3070547083139 2.2475864822042615
453.2502622762976 2.17504417714318
498.2592412804278 2.101464588203287
547.7377338394328 1.8603610688261243
602.1295747582602 1.6019001798754946
661.9226728404408 1.3593005545534664
727.6533875555539 1.1799361807895257
799.9113403216304 0.9817816778402063
879.3447035609331 0.9128521157612295
966.6660149733045 0.6051128069321345
1062.6585691826117 0.28724290441982686
1168.1834440909984 0.17773729570558927
1284.1872249691512 0.19849975160986022
1411.7104955696545 0.1478775710650593
1551.8971724309076 0.26524477561737947
1706.004766102708 0.27732298238345265
1875.4156613393354 0.07633824079933069
2061.6495174463707 0.0009241346026450535
2266.376900015549 0.16301107922316257
2491.434266327814 0.3938994177536757
2738.840438847495 0.3159387681044667
3010.814714579089 0.1902707833591883
3309.7967727322293 0.13578911794962212
3638.4685592717187 -0.15967305230798953
3999.7783446626904 -0.8516140945341675
4396.967170615001 -1.0937750020708972
4833.597923061037 -1.5547432461426896
5313.587292158951 -1.865274943999995
5841.240906010825 -2.258317434747654
6421.291953254222 -2.5611066349508302
7058.943640981722 -2.6804029063789128
7759.915868846891 -2.7416653261457444
8530.49653803543 -3.0868468308809325
9377.597955356165 -2.871016748964197
10308.818838411078 -3.0929634592122537
11332.512478046707 -3.0115579384461233
12457.861669521699 -3.050179172018728
13694.961084542123 -3.201139034121716
15054.90782306337 -3.111361074200739
16549.900957130907 -3.217410027853385
18193.350959694555 -3.4543963219260356
20000.000000000004 -3.1046962790244774
